Performing C SOURCE FILE Test CMAKE_HAVE_LIBC_PTHREAD failed with the following output:
Change Dir: /home/jetson/shd/C++_ws/RTSP_IO/build/CMakeFiles/CMakeTmp

Run Build Command(s):/usr/bin/ninja cmTC_9a353 && [1/2] Building C object CMakeFiles/cmTC_9a353.dir/src.c.o
[2/2] Linking C executable cmTC_9a353
FAILED: cmTC_9a353 
: && /usr/bin/cc -fPIC -DCMAKE_HAVE_LIBC_PTHREAD   CMakeFiles/cmTC_9a353.dir/src.c.o  -o cmTC_9a353   && :
/usr/bin/ld: CMakeFiles/cmTC_9a353.dir/src.c.o: in function `main':
src.c:(.text+0x48): undefined reference to `pthread_create'
/usr/bin/ld: src.c:(.text+0x50): undefined reference to `pthread_detach'
/usr/bin/ld: src.c:(.text+0x5c): undefined reference to `pthread_join'
collect2: error: ld returned 1 exit status
ninja: build stopped: subcommand failed.


Source file was:
#include <pthread.h>

void* test_func(void* data)
{
  return data;
}

int main(void)
{
  pthread_t thread;
  pthread_create(&thread, NULL, test_func, NULL);
  pthread_detach(thread);
  pthread_join(thread, NULL);
  pthread_atfork(NULL, NULL, NULL);
  pthread_exit(NULL);

  return 0;
}

Determining if the function pthread_create exists in the pthreads failed with the following output:
Change Dir: /home/jetson/shd/C++_ws/RTSP_IO/build/CMakeFiles/CMakeTmp

Run Build Command(s):/usr/bin/ninja cmTC_d289a && [1/2] Building C object CMakeFiles/cmTC_d289a.dir/CheckFunctionExists.c.o
[2/2] Linking C executable cmTC_d289a
FAILED: cmTC_d289a 
: && /usr/bin/cc -fPIC -DCHECK_FUNCTION_EXISTS=pthread_create   CMakeFiles/cmTC_d289a.dir/CheckFunctionExists.c.o  -o cmTC_d289a  -lpthreads && :
/usr/bin/ld: cannot find -lpthreads
collect2: error: ld returned 1 exit status
ninja: build stopped: subcommand failed.



Performing C SOURCE FILE Test CMAKE_HAVE_LIBC_PTHREAD failed with the following output:
Change Dir: /home/jetson/shd/C++_ws/RTSP_IO/build/CMakeFiles/CMakeTmp

Run Build Command(s):/usr/bin/make cmTC_a290f/fast && /usr/bin/make -f CMakeFiles/cmTC_a290f.dir/build.make CMakeFiles/cmTC_a290f.dir/build
make[1]: Entering directory '/home/jetson/shd/C++_ws/RTSP_IO/build/CMakeFiles/CMakeTmp'
Building C object CMakeFiles/cmTC_a290f.dir/src.c.o
/usr/bin/cc   -fPIC -DCMAKE_HAVE_LIBC_PTHREAD   -o CMakeFiles/cmTC_a290f.dir/src.c.o   -c /home/jetson/shd/C++_ws/RTSP_IO/build/CMakeFiles/CMakeTmp/src.c
Linking C executable cmTC_a290f
/usr/bin/cmake -E cmake_link_script CMakeFiles/cmTC_a290f.dir/link.txt --verbose=1
/usr/bin/cc -fPIC -DCMAKE_HAVE_LIBC_PTHREAD    CMakeFiles/cmTC_a290f.dir/src.c.o  -o cmTC_a290f 
/usr/bin/ld: CMakeFiles/cmTC_a290f.dir/src.c.o: in function `main':
src.c:(.text+0x48): undefined reference to `pthread_create'
/usr/bin/ld: src.c:(.text+0x50): undefined reference to `pthread_detach'
/usr/bin/ld: src.c:(.text+0x5c): undefined reference to `pthread_join'
collect2: error: ld returned 1 exit status
make[1]: *** [CMakeFiles/cmTC_a290f.dir/build.make:87: cmTC_a290f] Error 1
make[1]: Leaving directory '/home/jetson/shd/C++_ws/RTSP_IO/build/CMakeFiles/CMakeTmp'
make: *** [Makefile:121: cmTC_a290f/fast] Error 2


Source file was:
#include <pthread.h>

void* test_func(void* data)
{
  return data;
}

int main(void)
{
  pthread_t thread;
  pthread_create(&thread, NULL, test_func, NULL);
  pthread_detach(thread);
  pthread_join(thread, NULL);
  pthread_atfork(NULL, NULL, NULL);
  pthread_exit(NULL);

  return 0;
}

Determining if the function pthread_create exists in the pthreads failed with the following output:
Change Dir: /home/jetson/shd/C++_ws/RTSP_IO/build/CMakeFiles/CMakeTmp

Run Build Command(s):/usr/bin/make cmTC_5c52a/fast && /usr/bin/make -f CMakeFiles/cmTC_5c52a.dir/build.make CMakeFiles/cmTC_5c52a.dir/build
make[1]: Entering directory '/home/jetson/shd/C++_ws/RTSP_IO/build/CMakeFiles/CMakeTmp'
Building C object CMakeFiles/cmTC_5c52a.dir/CheckFunctionExists.c.o
/usr/bin/cc   -fPIC -DCHECK_FUNCTION_EXISTS=pthread_create   -o CMakeFiles/cmTC_5c52a.dir/CheckFunctionExists.c.o   -c /usr/share/cmake-3.16/Modules/CheckFunctionExists.c
Linking C executable cmTC_5c52a
/usr/bin/cmake -E cmake_link_script CMakeFiles/cmTC_5c52a.dir/link.txt --verbose=1
/usr/bin/cc -fPIC -DCHECK_FUNCTION_EXISTS=pthread_create    CMakeFiles/cmTC_5c52a.dir/CheckFunctionExists.c.o  -o cmTC_5c52a  -lpthreads 
/usr/bin/ld: cannot find -lpthreads
collect2: error: ld returned 1 exit status
make[1]: *** [CMakeFiles/cmTC_5c52a.dir/build.make:87: cmTC_5c52a] Error 1
make[1]: Leaving directory '/home/jetson/shd/C++_ws/RTSP_IO/build/CMakeFiles/CMakeTmp'
make: *** [Makefile:121: cmTC_5c52a/fast] Error 2



